INFO: [VRFC 10-2263] Analyzing Verilog file "C:/Users/adars/interfacing/interfacing.sim/sim_1/impl/func/xsim/Top_tb_func_impl.v" into library xil_defaultlib
INFO: [VRFC 10-311] analyzing module clk_x_pntrs
INFO: [VRFC 10-311] analyzing module clk_x_pntrs_7
INFO: [VRFC 10-311] analyzing module dbg_hub
INFO: [VRFC 10-311] analyzing module dmem
INFO: [VRFC 10-311] analyzing module dmem_13
INFO: [VRFC 10-311] analyzing module fifo_generator_ramfifo
INFO: [VRFC 10-311] analyzing module fifo_generator_ramfifo__parameterized0
INFO: [VRFC 10-311] analyzing module fifo_generator_top
INFO: [VRFC 10-311] analyzing module fifo_generator_top__parameterized0
INFO: [VRFC 10-311] analyzing module fifo_generator_v13_1_5
INFO: [VRFC 10-311] analyzing module fifo_generator_v13_1_5__parameterized0
INFO: [VRFC 10-311] analyzing module fifo_generator_v13_1_5_synth
INFO: [VRFC 10-311] analyzing module fifo_generator_v13_1_5_synth__parameterized0
INFO: [VRFC 10-311] analyzing module ila_v6_2_18_ila
INFO: [VRFC 10-311] analyzing module ltlib_v1_0_3_bscan
INFO: [VRFC 10-311] analyzing module ltlib_v1_0_3_generic_mux
INFO: [VRFC 10-311] analyzing module memory
INFO: [VRFC 10-311] analyzing module memory__parameterized0
INFO: [VRFC 10-311] analyzing module rd_bin_cntr
INFO: [VRFC 10-311] analyzing module rd_bin_cntr_18
INFO: [VRFC 10-311] analyzing module rd_fwft
INFO: [VRFC 10-311] analyzing module rd_handshaking_flags
INFO: [VRFC 10-311] analyzing module rd_handshaking_flags__parameterized0
INFO: [VRFC 10-311] analyzing module rd_logic
INFO: [VRFC 10-311] analyzing module rd_logic__parameterized0
INFO: [VRFC 10-311] analyzing module rd_status_flags_as
INFO: [VRFC 10-311] analyzing module rd_status_flags_as_17
INFO: [VRFC 10-311] analyzing module reset_blk_ramfifo
INFO: [VRFC 10-311] analyzing module reset_blk_ramfifo_8
INFO: [VRFC 10-311] analyzing module synchronizer_ff
INFO: [VRFC 10-311] analyzing module synchronizer_ff_1
INFO: [VRFC 10-311] analyzing module synchronizer_ff_10
INFO: [VRFC 10-311] analyzing module synchronizer_ff_11
INFO: [VRFC 10-311] analyzing module synchronizer_ff_12
INFO: [VRFC 10-311] analyzing module synchronizer_ff_2
INFO: [VRFC 10-311] analyzing module synchronizer_ff_3
INFO: [VRFC 10-311] analyzing module synchronizer_ff_9
INFO: [VRFC 10-311] analyzing module synchronizer_ff__parameterized0
INFO: [VRFC 10-311] analyzing module synchronizer_ff__parameterized0_19
INFO: [VRFC 10-311] analyzing module synchronizer_ff__parameterized0_20
INFO: [VRFC 10-311] analyzing module synchronizer_ff__parameterized0_21
INFO: [VRFC 10-311] analyzing module synchronizer_ff__parameterized0_22
INFO: [VRFC 10-311] analyzing module synchronizer_ff__parameterized0_4
INFO: [VRFC 10-311] analyzing module synchronizer_ff__parameterized0_5
INFO: [VRFC 10-311] analyzing module synchronizer_ff__parameterized0_6
INFO: [VRFC 10-311] analyzing module u_ila_0
INFO: [VRFC 10-311] analyzing module wr_bin_cntr
INFO: [VRFC 10-311] analyzing module wr_bin_cntr_16
INFO: [VRFC 10-311] analyzing module wr_handshaking_flags
INFO: [VRFC 10-311] analyzing module wr_handshaking_flags_15
INFO: [VRFC 10-311] analyzing module wr_logic
INFO: [VRFC 10-311] analyzing module wr_logic__parameterized0
INFO: [VRFC 10-311] analyzing module wr_status_flags_as
INFO: [VRFC 10-311] analyzing module wr_status_flags_as_14
INFO: [VRFC 10-311] analyzing module xsdbm_v3_0_4_addr_ctl
INFO: [VRFC 10-311] analyzing module xsdbm_v3_0_4_bscan_switch
INFO: [VRFC 10-311] analyzing module xsdbm_v3_0_4_burst_wdlen_ctl
INFO: [VRFC 10-311] analyzing module xsdbm_v3_0_4_bus_ctl
INFO: [VRFC 10-311] analyzing module xsdbm_v3_0_4_bus_ctl_cnt
INFO: [VRFC 10-311] analyzing module xsdbm_v3_0_4_bus_ctl_flg
INFO: [VRFC 10-311] analyzing module xsdbm_v3_0_4_bus_ctl_flg__parameterized0
INFO: [VRFC 10-311] analyzing module xsdbm_v3_0_4_bus_mstr2sl_if
INFO: [VRFC 10-311] analyzing module xsdbm_v3_0_4_cmd_decode
INFO: [VRFC 10-311] analyzing module xsdbm_v3_0_4_ctl_reg
INFO: [VRFC 10-311] analyzing module xsdbm_v3_0_4_ctl_reg__parameterized0
INFO: [VRFC 10-311] analyzing module xsdbm_v3_0_4_ctl_reg__parameterized1
INFO: [VRFC 10-311] analyzing module xsdbm_v3_0_4_ctl_reg__parameterized2
INFO: [VRFC 10-311] analyzing module xsdbm_v3_0_4_icon
INFO: [VRFC 10-311] analyzing module xsdbm_v3_0_4_icon2xsdb
INFO: [VRFC 10-311] analyzing module xsdbm_v3_0_4_if
INFO: [VRFC 10-311] analyzing module xsdbm_v3_0_4_if_static_status
INFO: [VRFC 10-311] analyzing module xsdbm_v3_0_4_rdfifo
INFO: [VRFC 10-311] analyzing module xsdbm_v3_0_4_rdreg
INFO: [VRFC 10-311] analyzing module xsdbm_v3_0_4_stat
INFO: [VRFC 10-311] analyzing module xsdbm_v3_0_4_stat_reg
INFO: [VRFC 10-311] analyzing module xsdbm_v3_0_4_stat_reg__parameterized0
INFO: [VRFC 10-311] analyzing module xsdbm_v3_0_4_stat_reg__parameterized0_0
INFO: [VRFC 10-311] analyzing module xsdbm_v3_0_4_sync
INFO: [VRFC 10-311] analyzing module xsdbm_v3_0_4_wrfifo
INFO: [VRFC 10-311] analyzing module xsdbm_v3_0_4_wrreg
INFO: [VRFC 10-311] analyzing module xsdbm_v3_0_4_xsdbm
INFO: [VRFC 10-311] analyzing module xsdbm_v3_0_4_xsdbm_id
INFO: [VRFC 10-311] analyzing module ad7193_controller
INFO: [VRFC 10-311] analyzing module beam_pid_controller
INFO: [VRFC 10-311] analyzing module clock_divider
INFO: [VRFC 10-311] analyzing module pmod_da3_ctrl
INFO: [VRFC 10-311] analyzing module pmod_da3_ctrl_0
INFO: [VRFC 10-311] analyzing module spi_master
INFO: [VRFC 10-311] analyzing module top
INFO: [VRFC 10-311] analyzing module vsum_inv_lut
INFO: [VRFC 10-311] analyzing module blk_mem_gen_v8_4_11
INFO: [VRFC 10-311] analyzing module blk_mem_gen_v8_4_11__parameterized0
INFO: [VRFC 10-311] analyzing module blk_mem_gen_v8_4_11_blk_mem_gen_generic_cstr
INFO: [VRFC 10-311] analyzing module blk_mem_gen_v8_4_11_blk_mem_gen_generic_cstr__parameterized0
INFO: [VRFC 10-311] analyzing module blk_mem_gen_v8_4_11_blk_mem_gen_prim_width
INFO: [VRFC 10-311] analyzing module blk_mem_gen_v8_4_11_blk_mem_gen_prim_width__parameterized0
INFO: [VRFC 10-311] analyzing module blk_mem_gen_v8_4_11_blk_mem_gen_prim_width__parameterized1
INFO: [VRFC 10-311] analyzing module blk_mem_gen_v8_4_11_blk_mem_gen_prim_width__parameterized10
INFO: [VRFC 10-311] analyzing module blk_mem_gen_v8_4_11_blk_mem_gen_prim_width__parameterized11
INFO: [VRFC 10-311] analyzing module blk_mem_gen_v8_4_11_blk_mem_gen_prim_width__parameterized12
INFO: [VRFC 10-311] analyzing module blk_mem_gen_v8_4_11_blk_mem_gen_prim_width__parameterized13
INFO: [VRFC 10-311] analyzing module blk_mem_gen_v8_4_11_blk_mem_gen_prim_width__parameterized14
INFO: [VRFC 10-311] analyzing module blk_mem_gen_v8_4_11_blk_mem_gen_prim_width__parameterized15
INFO: [VRFC 10-311] analyzing module blk_mem_gen_v8_4_11_blk_mem_gen_prim_width__parameterized2
INFO: [VRFC 10-311] analyzing module blk_mem_gen_v8_4_11_blk_mem_gen_prim_width__parameterized3
INFO: [VRFC 10-311] analyzing module blk_mem_gen_v8_4_11_blk_mem_gen_prim_width__parameterized4
INFO: [VRFC 10-311] analyzing module blk_mem_gen_v8_4_11_blk_mem_gen_prim_width__parameterized5
INFO: [VRFC 10-311] analyzing module blk_mem_gen_v8_4_11_blk_mem_gen_prim_width__parameterized6
INFO: [VRFC 10-311] analyzing module blk_mem_gen_v8_4_11_blk_mem_gen_prim_width__parameterized7
INFO: [VRFC 10-311] analyzing module blk_mem_gen_v8_4_11_blk_mem_gen_prim_width__parameterized8
INFO: [VRFC 10-311] analyzing module blk_mem_gen_v8_4_11_blk_mem_gen_prim_width__parameterized9
INFO: [VRFC 10-311] analyzing module blk_mem_gen_v8_4_11_blk_mem_gen_prim_wrapper
INFO: [VRFC 10-311] analyzing module blk_mem_gen_v8_4_11_blk_mem_gen_prim_wrapper__parameterized0
INFO: [VRFC 10-311] analyzing module blk_mem_gen_v8_4_11_blk_mem_gen_prim_wrapper__parameterized1
INFO: [VRFC 10-311] analyzing module blk_mem_gen_v8_4_11_blk_mem_gen_prim_wrapper__parameterized10
INFO: [VRFC 10-311] analyzing module blk_mem_gen_v8_4_11_blk_mem_gen_prim_wrapper__parameterized11
INFO: [VRFC 10-311] analyzing module blk_mem_gen_v8_4_11_blk_mem_gen_prim_wrapper__parameterized12
INFO: [VRFC 10-311] analyzing module blk_mem_gen_v8_4_11_blk_mem_gen_prim_wrapper__parameterized13
INFO: [VRFC 10-311] analyzing module blk_mem_gen_v8_4_11_blk_mem_gen_prim_wrapper__parameterized14
INFO: [VRFC 10-311] analyzing module blk_mem_gen_v8_4_11_blk_mem_gen_prim_wrapper__parameterized15
INFO: [VRFC 10-311] analyzing module blk_mem_gen_v8_4_11_blk_mem_gen_prim_wrapper__parameterized2
INFO: [VRFC 10-311] analyzing module blk_mem_gen_v8_4_11_blk_mem_gen_prim_wrapper__parameterized3
INFO: [VRFC 10-311] analyzing module blk_mem_gen_v8_4_11_blk_mem_gen_prim_wrapper__parameterized4
INFO: [VRFC 10-311] analyzing module blk_mem_gen_v8_4_11_blk_mem_gen_prim_wrapper__parameterized5
INFO: [VRFC 10-311] analyzing module blk_mem_gen_v8_4_11_blk_mem_gen_prim_wrapper__parameterized6
INFO: [VRFC 10-311] analyzing module blk_mem_gen_v8_4_11_blk_mem_gen_prim_wrapper__parameterized7
INFO: [VRFC 10-311] analyzing module blk_mem_gen_v8_4_11_blk_mem_gen_prim_wrapper__parameterized8
INFO: [VRFC 10-311] analyzing module blk_mem_gen_v8_4_11_blk_mem_gen_prim_wrapper__parameterized9
INFO: [VRFC 10-311] analyzing module blk_mem_gen_v8_4_11_blk_mem_gen_top
INFO: [VRFC 10-311] analyzing module blk_mem_gen_v8_4_11_blk_mem_gen_top__parameterized0
INFO: [VRFC 10-311] analyzing module blk_mem_gen_v8_4_11_synth
INFO: [VRFC 10-311] analyzing module blk_mem_gen_v8_4_11_synth__parameterized0
INFO: [VRFC 10-311] analyzing module ila_v6_2_18_ila_cap_addrgen
INFO: [VRFC 10-311] analyzing module ila_v6_2_18_ila_cap_ctrl_legacy
INFO: [VRFC 10-311] analyzing module ila_v6_2_18_ila_cap_sample_counter
INFO: [VRFC 10-311] analyzing module ila_v6_2_18_ila_cap_window_counter
INFO: [VRFC 10-311] analyzing module ila_v6_2_18_ila_core
INFO: [VRFC 10-311] analyzing module ila_v6_2_18_ila_register
INFO: [VRFC 10-311] analyzing module ila_v6_2_18_ila_reset_ctrl
INFO: [VRFC 10-311] analyzing module ila_v6_2_18_ila_trace_memory
INFO: [VRFC 10-311] analyzing module ila_v6_2_18_ila_trig_match
INFO: [VRFC 10-311] analyzing module ila_v6_2_18_ila_trigger
INFO: [VRFC 10-311] analyzing module ltlib_v1_0_3_all_typeA
INFO: [VRFC 10-311] analyzing module ltlib_v1_0_3_all_typeA_107
INFO: [VRFC 10-311] analyzing module ltlib_v1_0_3_all_typeA_120
INFO: [VRFC 10-311] analyzing module ltlib_v1_0_3_all_typeA_56
INFO: [VRFC 10-311] analyzing module ltlib_v1_0_3_all_typeA_62
INFO: [VRFC 10-311] analyzing module ltlib_v1_0_3_all_typeA_93
INFO: [VRFC 10-311] analyzing module ltlib_v1_0_3_all_typeA__parameterized0
INFO: [VRFC 10-311] analyzing module ltlib_v1_0_3_all_typeA__parameterized0_113
INFO: [VRFC 10-311] analyzing module ltlib_v1_0_3_all_typeA__parameterized0_48
INFO: [VRFC 10-311] analyzing module ltlib_v1_0_3_all_typeA__parameterized0_76
INFO: [VRFC 10-311] analyzing module ltlib_v1_0_3_all_typeA__parameterized0_84
INFO: [VRFC 10-311] analyzing module ltlib_v1_0_3_all_typeA__parameterized0_99
INFO: [VRFC 10-311] analyzing module ltlib_v1_0_3_all_typeA__parameterized1
INFO: [VRFC 10-311] analyzing module ltlib_v1_0_3_all_typeA__parameterized1_1
INFO: [VRFC 10-311] analyzing module ltlib_v1_0_3_all_typeA__parameterized1_10
INFO: [VRFC 10-311] analyzing module ltlib_v1_0_3_all_typeA__parameterized1_13
INFO: [VRFC 10-311] analyzing module ltlib_v1_0_3_all_typeA__parameterized1_16
INFO: [VRFC 10-311] analyzing module ltlib_v1_0_3_all_typeA__parameterized1_19
INFO: [VRFC 10-311] analyzing module ltlib_v1_0_3_all_typeA__parameterized1_28
INFO: [VRFC 10-311] analyzing module ltlib_v1_0_3_all_typeA__parameterized1_4
INFO: [VRFC 10-311] analyzing module ltlib_v1_0_3_all_typeA__parameterized1_67
INFO: [VRFC 10-311] analyzing module ltlib_v1_0_3_all_typeA__parameterized1_7
INFO: [VRFC 10-311] analyzing module ltlib_v1_0_3_all_typeA__parameterized1_73
INFO: [VRFC 10-311] analyzing module ltlib_v1_0_3_all_typeA__parameterized1_91
INFO: [VRFC 10-311] analyzing module ltlib_v1_0_3_all_typeA__parameterized2
INFO: [VRFC 10-311] analyzing module ltlib_v1_0_3_all_typeA__parameterized2_70
INFO: [VRFC 10-311] analyzing module ltlib_v1_0_3_all_typeA__parameterized3
INFO: [VRFC 10-311] analyzing module ltlib_v1_0_3_all_typeA__parameterized3_34
INFO: [VRFC 10-311] analyzing module ltlib_v1_0_3_all_typeA__parameterized3_39
INFO: [VRFC 10-311] analyzing module ltlib_v1_0_3_all_typeA__parameterized4
INFO: [VRFC 10-311] analyzing module ltlib_v1_0_3_all_typeA__parameterized4_143
INFO: [VRFC 10-311] analyzing module ltlib_v1_0_3_all_typeA__parameterized4_147
INFO: [VRFC 10-311] analyzing module ltlib_v1_0_3_all_typeA_slice
INFO: [VRFC 10-311] analyzing module ltlib_v1_0_3_all_typeA_slice_100
INFO: [VRFC 10-311] analyzing module ltlib_v1_0_3_all_typeA_slice_101
INFO: [VRFC 10-311] analyzing module ltlib_v1_0_3_all_typeA_slice_102
INFO: [VRFC 10-311] analyzing module ltlib_v1_0_3_all_typeA_slice_103
INFO: [VRFC 10-311] analyzing module ltlib_v1_0_3_all_typeA_slice_104
INFO: [VRFC 10-311] analyzing module ltlib_v1_0_3_all_typeA_slice_108
INFO: [VRFC 10-311] analyzing module ltlib_v1_0_3_all_typeA_slice_109
INFO: [VRFC 10-311] analyzing module ltlib_v1_0_3_all_typeA_slice_110
INFO: [VRFC 10-311] analyzing module ltlib_v1_0_3_all_typeA_slice_114
INFO: [VRFC 10-311] analyzing module ltlib_v1_0_3_all_typeA_slice_115
INFO: [VRFC 10-311] analyzing module ltlib_v1_0_3_all_typeA_slice_116
INFO: [VRFC 10-311] analyzing module ltlib_v1_0_3_all_typeA_slice_117
INFO: [VRFC 10-311] analyzing module ltlib_v1_0_3_all_typeA_slice_118
INFO: [VRFC 10-311] analyzing module ltlib_v1_0_3_all_typeA_slice_121
INFO: [VRFC 10-311] analyzing module ltlib_v1_0_3_all_typeA_slice_122
INFO: [VRFC 10-311] analyzing module ltlib_v1_0_3_all_typeA_slice_123
INFO: [VRFC 10-311] analyzing module ltlib_v1_0_3_all_typeA_slice_21
INFO: [VRFC 10-311] analyzing module ltlib_v1_0_3_all_typeA_slice_22
INFO: [VRFC 10-311] analyzing module ltlib_v1_0_3_all_typeA_slice_23
INFO: [VRFC 10-311] analyzing module ltlib_v1_0_3_all_typeA_slice_24
INFO: [VRFC 10-311] analyzing module ltlib_v1_0_3_all_typeA_slice_26
INFO: [VRFC 10-311] analyzing module ltlib_v1_0_3_all_typeA_slice_30
INFO: [VRFC 10-311] analyzing module ltlib_v1_0_3_all_typeA_slice_31
INFO: [VRFC 10-311] analyzing module ltlib_v1_0_3_all_typeA_slice_35
INFO: [VRFC 10-311] analyzing module ltlib_v1_0_3_all_typeA_slice_36
INFO: [VRFC 10-311] analyzing module ltlib_v1_0_3_all_typeA_slice_40
INFO: [VRFC 10-311] analyzing module ltlib_v1_0_3_all_typeA_slice_41
INFO: [VRFC 10-311] analyzing module ltlib_v1_0_3_all_typeA_slice_43
INFO: [VRFC 10-311] analyzing module ltlib_v1_0_3_all_typeA_slice_44
INFO: [VRFC 10-311] analyzing module ltlib_v1_0_3_all_typeA_slice_45
INFO: [VRFC 10-311] analyzing module ltlib_v1_0_3_all_typeA_slice_49
INFO: [VRFC 10-311] analyzing module ltlib_v1_0_3_all_typeA_slice_50
INFO: [VRFC 10-311] analyzing module ltlib_v1_0_3_all_typeA_slice_51
INFO: [VRFC 10-311] analyzing module ltlib_v1_0_3_all_typeA_slice_52
INFO: [VRFC 10-311] analyzing module ltlib_v1_0_3_all_typeA_slice_53
INFO: [VRFC 10-311] analyzing module ltlib_v1_0_3_all_typeA_slice_57
INFO: [VRFC 10-311] analyzing module ltlib_v1_0_3_all_typeA_slice_58
INFO: [VRFC 10-311] analyzing module ltlib_v1_0_3_all_typeA_slice_59
INFO: [VRFC 10-311] analyzing module ltlib_v1_0_3_all_typeA_slice_63
INFO: [VRFC 10-311] analyzing module ltlib_v1_0_3_all_typeA_slice_64
INFO: [VRFC 10-311] analyzing module ltlib_v1_0_3_all_typeA_slice_65
INFO: [VRFC 10-311] analyzing module ltlib_v1_0_3_all_typeA_slice_71
INFO: [VRFC 10-311] analyzing module ltlib_v1_0_3_all_typeA_slice_77
INFO: [VRFC 10-311] analyzing module ltlib_v1_0_3_all_typeA_slice_78
INFO: [VRFC 10-311] analyzing module ltlib_v1_0_3_all_typeA_slice_79
INFO: [VRFC 10-311] analyzing module ltlib_v1_0_3_all_typeA_slice_80
INFO: [VRFC 10-311] analyzing module ltlib_v1_0_3_all_typeA_slice_81
INFO: [VRFC 10-311] analyzing module ltlib_v1_0_3_all_typeA_slice_85
INFO: [VRFC 10-311] analyzing module ltlib_v1_0_3_all_typeA_slice_86
INFO: [VRFC 10-311] analyzing module ltlib_v1_0_3_all_typeA_slice_87
INFO: [VRFC 10-311] analyzing module ltlib_v1_0_3_all_typeA_slice_88
INFO: [VRFC 10-311] analyzing module ltlib_v1_0_3_all_typeA_slice_89
INFO: [VRFC 10-311] analyzing module ltlib_v1_0_3_all_typeA_slice_94
INFO: [VRFC 10-311] analyzing module ltlib_v1_0_3_all_typeA_slice_95
INFO: [VRFC 10-311] analyzing module ltlib_v1_0_3_all_typeA_slice_96
INFO: [VRFC 10-311] analyzing module ltlib_v1_0_3_all_typeA_slice__parameterized0
INFO: [VRFC 10-311] analyzing module ltlib_v1_0_3_all_typeA_slice__parameterized0_105
INFO: [VRFC 10-311] analyzing module ltlib_v1_0_3_all_typeA_slice__parameterized0_11
INFO: [VRFC 10-311] analyzing module ltlib_v1_0_3_all_typeA_slice__parameterized0_111
INFO: [VRFC 10-311] analyzing module ltlib_v1_0_3_all_typeA_slice__parameterized0_119
INFO: [VRFC 10-311] analyzing module ltlib_v1_0_3_all_typeA_slice__parameterized0_124
INFO: [VRFC 10-311] analyzing module ltlib_v1_0_3_all_typeA_slice__parameterized0_14
INFO: [VRFC 10-311] analyzing module ltlib_v1_0_3_all_typeA_slice__parameterized0_17
INFO: [VRFC 10-311] analyzing module ltlib_v1_0_3_all_typeA_slice__parameterized0_2
INFO: [VRFC 10-311] analyzing module ltlib_v1_0_3_all_typeA_slice__parameterized0_20
INFO: [VRFC 10-311] analyzing module ltlib_v1_0_3_all_typeA_slice__parameterized0_25
INFO: [VRFC 10-311] analyzing module ltlib_v1_0_3_all_typeA_slice__parameterized0_27
INFO: [VRFC 10-311] analyzing module ltlib_v1_0_3_all_typeA_slice__parameterized0_29
INFO: [VRFC 10-311] analyzing module ltlib_v1_0_3_all_typeA_slice__parameterized0_32
INFO: [VRFC 10-311] analyzing module ltlib_v1_0_3_all_typeA_slice__parameterized0_37
INFO: [VRFC 10-311] analyzing module ltlib_v1_0_3_all_typeA_slice__parameterized0_42
INFO: [VRFC 10-311] analyzing module ltlib_v1_0_3_all_typeA_slice__parameterized0_46
INFO: [VRFC 10-311] analyzing module ltlib_v1_0_3_all_typeA_slice__parameterized0_5
INFO: [VRFC 10-311] analyzing module ltlib_v1_0_3_all_typeA_slice__parameterized0_54
INFO: [VRFC 10-311] analyzing module ltlib_v1_0_3_all_typeA_slice__parameterized0_60
INFO: [VRFC 10-311] analyzing module ltlib_v1_0_3_all_typeA_slice__parameterized0_66
INFO: [VRFC 10-311] analyzing module ltlib_v1_0_3_all_typeA_slice__parameterized0_68
INFO: [VRFC 10-311] analyzing module ltlib_v1_0_3_all_typeA_slice__parameterized0_72
INFO: [VRFC 10-311] analyzing module ltlib_v1_0_3_all_typeA_slice__parameterized0_74
INFO: [VRFC 10-311] analyzing module ltlib_v1_0_3_all_typeA_slice__parameterized0_8
INFO: [VRFC 10-311] analyzing module ltlib_v1_0_3_all_typeA_slice__parameterized0_82
INFO: [VRFC 10-311] analyzing module ltlib_v1_0_3_all_typeA_slice__parameterized0_90
INFO: [VRFC 10-311] analyzing module ltlib_v1_0_3_all_typeA_slice__parameterized0_92
INFO: [VRFC 10-311] analyzing module ltlib_v1_0_3_all_typeA_slice__parameterized0_97
INFO: [VRFC 10-311] analyzing module ltlib_v1_0_3_all_typeA_slice__parameterized1
INFO: [VRFC 10-311] analyzing module ltlib_v1_0_3_all_typeA_slice__parameterized1_144
INFO: [VRFC 10-311] analyzing module ltlib_v1_0_3_all_typeA_slice__parameterized1_148
INFO: [VRFC 10-311] analyzing module ltlib_v1_0_3_all_typeA_slice__parameterized2
INFO: [VRFC 10-311] analyzing module ltlib_v1_0_3_all_typeA_slice__parameterized2_145
INFO: [VRFC 10-311] analyzing module ltlib_v1_0_3_all_typeA_slice__parameterized2_149
INFO: [VRFC 10-311] analyzing module ltlib_v1_0_3_allx_typeA
INFO: [VRFC 10-311] analyzing module ltlib_v1_0_3_allx_typeA__parameterized0
INFO: [VRFC 10-311] analyzing module ltlib_v1_0_3_allx_typeA__parameterized0_112
INFO: [VRFC 10-311] analyzing module ltlib_v1_0_3_allx_typeA__parameterized0_47
INFO: [VRFC 10-311] analyzing module ltlib_v1_0_3_allx_typeA__parameterized0_75
INFO: [VRFC 10-311] analyzing module ltlib_v1_0_3_allx_typeA__parameterized0_83
INFO: [VRFC 10-311] analyzing module ltlib_v1_0_3_allx_typeA__parameterized0_98
INFO: [VRFC 10-311] analyzing module ltlib_v1_0_3_allx_typeA__parameterized1
INFO: [VRFC 10-311] analyzing module ltlib_v1_0_3_allx_typeA__parameterized1_106
INFO: [VRFC 10-311] analyzing module ltlib_v1_0_3_allx_typeA__parameterized2
INFO: [VRFC 10-311] analyzing module ltlib_v1_0_3_allx_typeA__parameterized3
INFO: [VRFC 10-311] analyzing module ltlib_v1_0_3_allx_typeA__parameterized4
INFO: [VRFC 10-311] analyzing module ltlib_v1_0_3_allx_typeA__parameterized4_69
INFO: [VRFC 10-311] analyzing module ltlib_v1_0_3_allx_typeA__parameterized5
INFO: [VRFC 10-311] analyzing module ltlib_v1_0_3_allx_typeA__parameterized6
INFO: [VRFC 10-311] analyzing module ltlib_v1_0_3_allx_typeA__parameterized6_55
INFO: [VRFC 10-311] analyzing module ltlib_v1_0_3_allx_typeA__parameterized6_61
INFO: [VRFC 10-311] analyzing module ltlib_v1_0_3_allx_typeA__parameterized7
INFO: [VRFC 10-311] analyzing module ltlib_v1_0_3_allx_typeA__parameterized7_33
INFO: [VRFC 10-311] analyzing module ltlib_v1_0_3_allx_typeA__parameterized7_38
INFO: [VRFC 10-311] analyzing module ltlib_v1_0_3_allx_typeA__parameterized8
INFO: [VRFC 10-311] analyzing module ltlib_v1_0_3_allx_typeA__parameterized9
INFO: [VRFC 10-311] analyzing module ltlib_v1_0_3_allx_typeA__parameterized9_0
INFO: [VRFC 10-311] analyzing module ltlib_v1_0_3_allx_typeA__parameterized9_12
INFO: [VRFC 10-311] analyzing module ltlib_v1_0_3_allx_typeA__parameterized9_15
INFO: [VRFC 10-311] analyzing module ltlib_v1_0_3_allx_typeA__parameterized9_18
INFO: [VRFC 10-311] analyzing module ltlib_v1_0_3_allx_typeA__parameterized9_3
INFO: [VRFC 10-311] analyzing module ltlib_v1_0_3_allx_typeA__parameterized9_6
INFO: [VRFC 10-311] analyzing module ltlib_v1_0_3_allx_typeA__parameterized9_9
INFO: [VRFC 10-311] analyzing module ltlib_v1_0_3_allx_typeA_nodelay
INFO: [VRFC 10-311] analyzing module ltlib_v1_0_3_allx_typeA_nodelay_142
INFO: [VRFC 10-311] analyzing module ltlib_v1_0_3_allx_typeA_nodelay_146
INFO: [VRFC 10-311] analyzing module ltlib_v1_0_3_async_edge_xfer
INFO: [VRFC 10-311] analyzing module ltlib_v1_0_3_async_edge_xfer__1
INFO: [VRFC 10-311] analyzing module ltlib_v1_0_3_async_edge_xfer__2
INFO: [VRFC 10-311] analyzing module ltlib_v1_0_3_async_edge_xfer__3
INFO: [VRFC 10-311] analyzing module ltlib_v1_0_3_cfglut4
INFO: [VRFC 10-311] analyzing module ltlib_v1_0_3_cfglut4__1
INFO: [VRFC 10-311] analyzing module ltlib_v1_0_3_cfglut5
INFO: [VRFC 10-311] analyzing module ltlib_v1_0_3_cfglut5__1
INFO: [VRFC 10-311] analyzing module ltlib_v1_0_3_cfglut5__2
INFO: [VRFC 10-311] analyzing module ltlib_v1_0_3_cfglut6
INFO: [VRFC 10-311] analyzing module ltlib_v1_0_3_cfglut6__1
INFO: [VRFC 10-311] analyzing module ltlib_v1_0_3_cfglut6__parameterized0
INFO: [VRFC 10-311] analyzing module ltlib_v1_0_3_cfglut7
INFO: [VRFC 10-311] analyzing module ltlib_v1_0_3_cfglut7__1
INFO: [VRFC 10-311] analyzing module ltlib_v1_0_3_generic_memrd
INFO: [VRFC 10-311] analyzing module ltlib_v1_0_3_match
INFO: [VRFC 10-311] analyzing module ltlib_v1_0_3_match__parameterized0
INFO: [VRFC 10-311] analyzing module ltlib_v1_0_3_match__parameterized0__1
INFO: [VRFC 10-311] analyzing module ltlib_v1_0_3_match__parameterized0__2
INFO: [VRFC 10-311] analyzing module ltlib_v1_0_3_match__parameterized0__3
INFO: [VRFC 10-311] analyzing module ltlib_v1_0_3_match__parameterized0__4
INFO: [VRFC 10-311] analyzing module ltlib_v1_0_3_match__parameterized0__5
INFO: [VRFC 10-311] analyzing module ltlib_v1_0_3_match__parameterized1
INFO: [VRFC 10-311] analyzing module ltlib_v1_0_3_match__parameterized1__1
INFO: [VRFC 10-311] analyzing module ltlib_v1_0_3_match__parameterized2
INFO: [VRFC 10-311] analyzing module ltlib_v1_0_3_match__parameterized3
INFO: [VRFC 10-311] analyzing module ltlib_v1_0_3_match__parameterized4
INFO: [VRFC 10-311] analyzing module ltlib_v1_0_3_match__parameterized4__1
INFO: [VRFC 10-311] analyzing module ltlib_v1_0_3_match__parameterized5
INFO: [VRFC 10-311] analyzing module ltlib_v1_0_3_match__parameterized6
INFO: [VRFC 10-311] analyzing module ltlib_v1_0_3_match__parameterized6__1
INFO: [VRFC 10-311] analyzing module ltlib_v1_0_3_match__parameterized6__2
INFO: [VRFC 10-311] analyzing module ltlib_v1_0_3_match__parameterized7
INFO: [VRFC 10-311] analyzing module ltlib_v1_0_3_match__parameterized7__1
INFO: [VRFC 10-311] analyzing module ltlib_v1_0_3_match__parameterized7__2
INFO: [VRFC 10-311] analyzing module ltlib_v1_0_3_match__parameterized8
INFO: [VRFC 10-311] analyzing module ltlib_v1_0_3_match__parameterized9
INFO: [VRFC 10-311] analyzing module ltlib_v1_0_3_match__parameterized9__1
INFO: [VRFC 10-311] analyzing module ltlib_v1_0_3_match__parameterized9__2
INFO: [VRFC 10-311] analyzing module ltlib_v1_0_3_match__parameterized9__3
INFO: [VRFC 10-311] analyzing module ltlib_v1_0_3_match__parameterized9__4
INFO: [VRFC 10-311] analyzing module ltlib_v1_0_3_match__parameterized9__5
INFO: [VRFC 10-311] analyzing module ltlib_v1_0_3_match__parameterized9__6
INFO: [VRFC 10-311] analyzing module ltlib_v1_0_3_match__parameterized9__7
INFO: [VRFC 10-311] analyzing module ltlib_v1_0_3_match_nodelay
INFO: [VRFC 10-311] analyzing module ltlib_v1_0_3_match_nodelay__1
INFO: [VRFC 10-311] analyzing module ltlib_v1_0_3_match_nodelay__2
INFO: [VRFC 10-311] analyzing module ltlib_v1_0_3_rising_edge_detection
INFO: [VRFC 10-311] analyzing module ltlib_v1_0_3_rising_edge_detection__1
INFO: [VRFC 10-311] analyzing module xsdbs_v1_0_5_reg__parameterized65
INFO: [VRFC 10-311] analyzing module xsdbs_v1_0_5_reg__parameterized66
INFO: [VRFC 10-311] analyzing module xsdbs_v1_0_5_reg__parameterized67
INFO: [VRFC 10-311] analyzing module xsdbs_v1_0_5_reg__parameterized68
INFO: [VRFC 10-311] analyzing module xsdbs_v1_0_5_reg__parameterized80
INFO: [VRFC 10-311] analyzing module xsdbs_v1_0_5_reg__parameterized81
INFO: [VRFC 10-311] analyzing module xsdbs_v1_0_5_reg__parameterized82
INFO: [VRFC 10-311] analyzing module xsdbs_v1_0_5_reg__parameterized83
INFO: [VRFC 10-311] analyzing module xsdbs_v1_0_5_reg__parameterized84
INFO: [VRFC 10-311] analyzing module xsdbs_v1_0_5_reg__parameterized85
INFO: [VRFC 10-311] analyzing module xsdbs_v1_0_5_reg__parameterized86
INFO: [VRFC 10-311] analyzing module xsdbs_v1_0_5_reg__parameterized87
INFO: [VRFC 10-311] analyzing module xsdbs_v1_0_5_reg__parameterized88
INFO: [VRFC 10-311] analyzing module xsdbs_v1_0_5_reg__parameterized89
INFO: [VRFC 10-311] analyzing module xsdbs_v1_0_5_reg__parameterized90
INFO: [VRFC 10-311] analyzing module xsdbs_v1_0_5_reg__parameterized91
INFO: [VRFC 10-311] analyzing module xsdbs_v1_0_5_reg__parameterized93
INFO: [VRFC 10-311] analyzing module xsdbs_v1_0_5_reg__parameterized95
INFO: [VRFC 10-311] analyzing module xsdbs_v1_0_5_reg__parameterized98
INFO: [VRFC 10-311] analyzing module xsdbs_v1_0_5_reg_ctl
INFO: [VRFC 10-311] analyzing module xsdbs_v1_0_5_reg_ctl_128
INFO: [VRFC 10-311] analyzing module xsdbs_v1_0_5_reg_ctl_129
INFO: [VRFC 10-311] analyzing module xsdbs_v1_0_5_reg_ctl_130
INFO: [VRFC 10-311] analyzing module xsdbs_v1_0_5_reg_ctl_131
INFO: [VRFC 10-311] analyzing module xsdbs_v1_0_5_reg_ctl_134
INFO: [VRFC 10-311] analyzing module xsdbs_v1_0_5_reg_ctl_135
INFO: [VRFC 10-311] analyzing module xsdbs_v1_0_5_reg_ctl_136
INFO: [VRFC 10-311] analyzing module xsdbs_v1_0_5_reg_ctl_137
INFO: [VRFC 10-311] analyzing module xsdbs_v1_0_5_reg_ctl_138
INFO: [VRFC 10-311] analyzing module xsdbs_v1_0_5_reg_ctl_141
INFO: [VRFC 10-311] analyzing module xsdbs_v1_0_5_reg_ctl__parameterized0
INFO: [VRFC 10-311] analyzing module xsdbs_v1_0_5_reg_ctl__parameterized1
INFO: [VRFC 10-311] analyzing module xsdbs_v1_0_5_reg_ctl__parameterized1_132
INFO: [VRFC 10-311] analyzing module xsdbs_v1_0_5_reg_ctl__parameterized1_133
INFO: [VRFC 10-311] analyzing module xsdbs_v1_0_5_reg_p2s
INFO: [VRFC 10-311] analyzing module xsdbs_v1_0_5_reg_p2s__parameterized0
INFO: [VRFC 10-311] analyzing module xsdbs_v1_0_5_reg_p2s__parameterized1
INFO: [VRFC 10-311] analyzing module xsdbs_v1_0_5_reg_p2s__parameterized10
INFO: [VRFC 10-311] analyzing module xsdbs_v1_0_5_reg_p2s__parameterized11
INFO: [VRFC 10-311] analyzing module xsdbs_v1_0_5_reg_p2s__parameterized12
INFO: [VRFC 10-311] analyzing module xsdbs_v1_0_5_reg_p2s__parameterized13
INFO: [VRFC 10-311] analyzing module xsdbs_v1_0_5_reg_p2s__parameterized14
INFO: [VRFC 10-311] analyzing module xsdbs_v1_0_5_reg_p2s__parameterized15
INFO: [VRFC 10-311] analyzing module xsdbs_v1_0_5_reg_p2s__parameterized16
INFO: [VRFC 10-311] analyzing module xsdbs_v1_0_5_reg_p2s__parameterized17
INFO: [VRFC 10-311] analyzing module xsdbs_v1_0_5_reg_p2s__parameterized18
INFO: [VRFC 10-311] analyzing module xsdbs_v1_0_5_reg_p2s__parameterized19
INFO: [VRFC 10-311] analyzing module xsdbs_v1_0_5_reg_p2s__parameterized2
INFO: [VRFC 10-311] analyzing module xsdbs_v1_0_5_reg_p2s__parameterized20
INFO: [VRFC 10-311] analyzing module xsdbs_v1_0_5_reg_p2s__parameterized21
INFO: [VRFC 10-311] analyzing module xsdbs_v1_0_5_reg_p2s__parameterized22
INFO: [VRFC 10-311] analyzing module xsdbs_v1_0_5_reg_p2s__parameterized23
INFO: [VRFC 10-311] analyzing module xsdbs_v1_0_5_reg_p2s__parameterized24
INFO: [VRFC 10-311] analyzing module xsdbs_v1_0_5_reg_p2s__parameterized25
INFO: [VRFC 10-311] analyzing module xsdbs_v1_0_5_reg_p2s__parameterized26
INFO: [VRFC 10-311] analyzing module xsdbs_v1_0_5_reg_p2s__parameterized27
INFO: [VRFC 10-311] analyzing module xsdbs_v1_0_5_reg_p2s__parameterized28
INFO: [VRFC 10-311] analyzing module xsdbs_v1_0_5_reg_p2s__parameterized3
INFO: [VRFC 10-311] analyzing module xsdbs_v1_0_5_reg_p2s__parameterized4
INFO: [VRFC 10-311] analyzing module xsdbs_v1_0_5_reg_p2s__parameterized5
INFO: [VRFC 10-311] analyzing module xsdbs_v1_0_5_reg_p2s__parameterized6
INFO: [VRFC 10-311] analyzing module xsdbs_v1_0_5_reg_p2s__parameterized7
INFO: [VRFC 10-311] analyzing module xsdbs_v1_0_5_reg_p2s__parameterized8
INFO: [VRFC 10-311] analyzing module xsdbs_v1_0_5_reg_p2s__parameterized9
INFO: [VRFC 10-311] analyzing module xsdbs_v1_0_5_reg_stat
INFO: [VRFC 10-311] analyzing module xsdbs_v1_0_5_reg_stat_125
INFO: [VRFC 10-311] analyzing module xsdbs_v1_0_5_reg_stat_126
INFO: [VRFC 10-311] analyzing module xsdbs_v1_0_5_reg_stat_127
INFO: [VRFC 10-311] analyzing module xsdbs_v1_0_5_reg_stat_139
INFO: [VRFC 10-311] analyzing module xsdbs_v1_0_5_reg_stat_140
INFO: [VRFC 10-311] analyzing module xsdbs_v1_0_5_reg_stream
INFO: [VRFC 10-311] analyzing module xsdbs_v1_0_5_reg_stream__parameterized0
INFO: [VRFC 10-311] analyzing module xsdbs_v1_0_5_xsdbs
INFO: [VRFC 10-311] analyzing module glbl
INFO: [VRFC 10-2263] Analyzing Verilog file "C:/Users/adars/interfacing/interfacing.srcs/sim_1/new/Top_tb.v" into library xil_defaultlib
INFO: [VRFC 10-311] analyzing module tb_beam_pid
INFO: [VRFC 10-311] analyzing module Top_tb
