Copyright 1986-2022 Xilinx, Inc. All Rights Reserved. Copyright 2022-2025 Advanced Micro Devices, Inc. All Rights Reserved.
---------------------------------------------------------------------------------------------------------------------------------------------
| Tool Version : Vivado v.2025.1 (win64) Build 6140274 Thu May 22 00:12:29 MDT 2025
| Date         : Thu Jun 11 12:32:14 2026
| Host         : Adarsh_Akshat running 64-bit major release  (build 9200)
| Command      : report_control_sets -verbose -file top_control_sets_placed.rpt
| Design       : top
| Device       : xc7z020
---------------------------------------------------------------------------------------------------------------------------------------------

Control Set Information

Table of Contents
-----------------
1. Summary
2. Histogram
3. Flip-Flop Distribution
4. Detailed Control Set Information

1. Summary
----------

+----------------------------------------------------------+-------+
|                          Status                          | Count |
+----------------------------------------------------------+-------+
| Total control sets                                       |   125 |
|    Minimum number of control sets                        |   125 |
|    Addition due to synthesis replication                 |     0 |
|    Addition due to physical synthesis replication        |     0 |
| Unused register locations in slices containing registers |   529 |
+----------------------------------------------------------+-------+
* Control sets can be merged at opt_design using control_set_merge or merge_equivalent_drivers
** Run report_qor_suggestions for automated merging and remapping suggestions


2. Histogram
------------

+--------------------+-------+
|       Fanout       | Count |
+--------------------+-------+
| Total control sets |   125 |
| >= 0 to < 4        |    57 |
| >= 4 to < 6        |    17 |
| >= 6 to < 8        |     2 |
| >= 8 to < 10       |     7 |
| >= 10 to < 12      |     1 |
| >= 12 to < 14      |     5 |
| >= 14 to < 16      |     1 |
| >= 16              |    35 |
+--------------------+-------+
* Control sets can be remapped at either synth_design or opt_design


3. Flip-Flop Distribution
-------------------------

+--------------+-----------------------+------------------------+-----------------+--------------+
| Clock Enable | Synchronous Set/Reset | Asynchronous Set/Reset | Total Registers | Total Slices |
+--------------+-----------------------+------------------------+-----------------+--------------+
| No           | No                    | No                     |             498 |          135 |
| No           | No                    | Yes                    |             153 |           52 |
| No           | Yes                   | No                     |             270 |          111 |
| Yes          | No                    | No                     |             416 |          114 |
| Yes          | No                    | Yes                    |             357 |          103 |
| Yes          | Yes                   | No                     |             329 |          100 |
+--------------+-----------------------+------------------------+-----------------+--------------+


4. Detailed Control Set Information
-----------------------------------

+---------------------------------------------------------+---------------------------------------------------------------------------------------------------------------------------------------------------------------------------------------+------------------------------------------------------------------------------------------------------------------------------+------------------+----------------+--------------+
|                       Clock Signal                      |                                                                                     Enable Signal                                                                                     |                                                       Set/Reset Signal                                                       | Slice Load Count | Bel Load Count | Bels / Slice |
+---------------------------------------------------------+---------------------------------------------------------------------------------------------------------------------------------------------------------------------------------------+------------------------------------------------------------------------------------------------------------------------------+------------------+----------------+--------------+
|  sysclk_IBUF_BUFG                                       |                                                                                                                                                                                       |                                                                                                                              |                1 |              1 |         1.00 |
|  ps_system/system_i/processing_system7_0/inst/FCLK_CLK0 |                                                                                                                                                                                       | ps_system/system_i/axi_smc/inst/switchboards/i_nodes/i_w_node/inst/s_sc_areset_pipe                                          |                1 |              1 |         1.00 |
|  ps_system/system_i/processing_system7_0/inst/FCLK_CLK0 |                                                                                                                                                                                       | ps_system/system_i/axi_smc/inst/switchboards/i_nodes/i_r_node/inst/s_sc_areset_pipe                                          |                1 |              1 |         1.00 |
|  ps_system/system_i/processing_system7_0/inst/FCLK_CLK0 |                                                                                                                                                                                       | ps_system/system_i/axi_smc/inst/switchboards/i_nodes/i_aw_node/inst/s_sc_areset_pipe                                         |                1 |              1 |         1.00 |
|  ps_system/system_i/processing_system7_0/inst/FCLK_CLK0 |                                                                                                                                                                                       | ps_system/system_i/axi_smc/inst/switchboards/i_nodes/i_b_node/inst/s_sc_areset_pipe                                          |                1 |              1 |         1.00 |
|  sysclk_IBUF_BUFG                                       | dac_ctrl_a/cs_n_i_1_n_0                                                                                                                                                               | btn0_IBUF                                                                                                                    |                1 |              1 |         1.00 |
|  ps_system/system_i/processing_system7_0/inst/FCLK_CLK0 |                                                                                                                                                                                       | ps_system/system_i/axi_smc/inst/s00_nodes/s00_w_node/inst/s_sc_areset_pipe                                                   |                1 |              1 |         1.00 |
|  sysclk_IBUF_BUFG                                       | dac_ctrl_a/sclk_i_1_n_0                                                                                                                                                               | btn0_IBUF                                                                                                                    |                1 |              1 |         1.00 |
|  sysclk_IBUF_BUFG                                       | dac_ctrl_a/din_i_1_n_0                                                                                                                                                                | btn0_IBUF                                                                                                                    |                1 |              1 |         1.00 |
|  ps_system/system_i/processing_system7_0/inst/FCLK_CLK0 |                                                                                                                                                                                       | ps_system/system_i/axi_smc/inst/s00_nodes/s00_r_node/inst/s_sc_areset_pipe                                                   |                1 |              1 |         1.00 |
|  sysclk_IBUF_BUFG                                       | dac_ctrl_a/ldac_n_i_1_n_0                                                                                                                                                             | btn0_IBUF                                                                                                                    |                1 |              1 |         1.00 |
|  ps_system/system_i/processing_system7_0/inst/FCLK_CLK0 |                                                                                                                                                                                       | ps_system/system_i/axi_smc/inst/s00_nodes/s00_b_node/inst/s_sc_areset_pipe                                                   |                1 |              1 |         1.00 |
|  sysclk_IBUF_BUFG                                       | dac_ctrl_b/ldac_n_i_1__0_n_0                                                                                                                                                          | btn0_IBUF                                                                                                                    |                1 |              1 |         1.00 |
|  sysclk_IBUF_BUFG                                       | dac_ctrl_b/cs_n_i_1__0_n_0                                                                                                                                                            | btn0_IBUF                                                                                                                    |                1 |              1 |         1.00 |
|  sysclk_IBUF_BUFG                                       | dac_ctrl_b/din_i_1__0_n_0                                                                                                                                                             | btn0_IBUF                                                                                                                    |                1 |              1 |         1.00 |
|  sysclk_IBUF_BUFG                                       | dac_ctrl_b/sclk_i_1__0_n_0                                                                                                                                                            | btn0_IBUF                                                                                                                    |                1 |              1 |         1.00 |
|  ps_system/system_i/processing_system7_0/inst/FCLK_CLK0 |                                                                                                                                                                                       | ps_system/system_i/axi_smc/inst/s00_nodes/s00_aw_node/inst/s_sc_areset_pipe                                                  |                1 |              1 |         1.00 |
|  sysclk_IBUF_BUFG                                       | spi_master_inst/spi_clk_i_1_n_0                                                                                                                                                       | btn0_IBUF                                                                                                                    |                1 |              1 |         1.00 |
|  sysclk_IBUF_BUFG                                       | spi_master_inst/spi_mosi_i_1_n_0                                                                                                                                                      | btn0_IBUF                                                                                                                    |                1 |              1 |         1.00 |
|  ps_system/system_i/processing_system7_0/inst/FCLK_CLK0 |                                                                                                                                                                                       | ps_system/system_i/axi_smc/inst/switchboards/i_nodes/i_ar_node/inst/s_sc_areset_pipe                                         |                1 |              1 |         1.00 |
|  ps_system/system_i/processing_system7_0/inst/FCLK_CLK0 |                                                                                                                                                                                       | ps_system/system_i/axi_smc/inst/m01_nodes/m01_b_node/inst/s_sc_areset_pipe                                                   |                1 |              1 |         1.00 |
|  ps_system/system_i/processing_system7_0/inst/FCLK_CLK0 |                                                                                                                                                                                       | ps_system/system_i/axi_smc/inst/m00_nodes/m00_aw_node/inst/s_sc_areset_pipe                                                  |                1 |              1 |         1.00 |
|  ps_system/system_i/processing_system7_0/inst/FCLK_CLK0 |                                                                                                                                                                                       | ps_system/system_i/axi_smc/inst/s00_nodes/s00_ar_node/inst/s_sc_areset_pipe                                                  |                1 |              1 |         1.00 |
|  ps_system/system_i/processing_system7_0/inst/FCLK_CLK0 |                                                                                                                                                                                       | ps_system/system_i/axi_smc/inst/m00_nodes/m00_w_node/inst/s_sc_areset_pipe                                                   |                1 |              1 |         1.00 |
|  ps_system/system_i/processing_system7_0/inst/FCLK_CLK0 |                                                                                                                                                                                       | ps_system/system_i/axi_smc/inst/m01_nodes/m01_w_node/inst/s_sc_areset_pipe                                                   |                1 |              1 |         1.00 |
|  sysclk_IBUF_BUFG                                       | adc_ctrl/g0_b0__0_n_0                                                                                                                                                                 | btn0_IBUF                                                                                                                    |                1 |              1 |         1.00 |
|  ps_system/system_i/processing_system7_0/inst/FCLK_CLK0 |                                                                                                                                                                                       | ps_system/system_i/axi_smc/inst/m01_nodes/m01_r_node/inst/s_sc_areset_pipe                                                   |                1 |              1 |         1.00 |
|  ps_system/system_i/processing_system7_0/inst/FCLK_CLK0 |                                                                                                                                                                                       | ps_system/system_i/axi_smc/inst/m00_nodes/m00_r_node/inst/s_sc_areset_pipe                                                   |                1 |              1 |         1.00 |
|  ps_system/system_i/processing_system7_0/inst/FCLK_CLK0 |                                                                                                                                                                                       | ps_system/system_i/axi_smc/inst/m01_nodes/m01_ar_node/inst/s_sc_areset_pipe                                                  |                1 |              1 |         1.00 |
|  ps_system/system_i/processing_system7_0/inst/FCLK_CLK0 |                                                                                                                                                                                       | ps_system/system_i/axi_smc/inst/m00_nodes/m00_b_node/inst/s_sc_areset_pipe                                                   |                1 |              1 |         1.00 |
|  ps_system/system_i/processing_system7_0/inst/FCLK_CLK0 |                                                                                                                                                                                       | ps_system/system_i/axi_smc/inst/m01_nodes/m01_aw_node/inst/s_sc_areset_pipe                                                  |                1 |              1 |         1.00 |
|  ps_system/system_i/processing_system7_0/inst/FCLK_CLK0 |                                                                                                                                                                                       | ps_system/system_i/axi_smc/inst/m00_nodes/m00_ar_node/inst/s_sc_areset_pipe                                                  |                1 |              1 |         1.00 |
|  ps_system/system_i/processing_system7_0/inst/FCLK_CLK0 |                                                                                                                                                                                       | ps_system/system_i/axi_smc/inst/m01_nodes/m01_r_node/inst/s_sc_xpm_cdc_async_rst_inst/reset_pol                              |                1 |              3 |         3.00 |
|  ps_system/system_i/processing_system7_0/inst/FCLK_CLK0 |                                                                                                                                                                                       | ps_system/system_i/axi_smc/inst/m01_nodes/m01_w_node/inst/s_sc_xpm_cdc_async_rst_inst/reset_pol                              |                1 |              3 |         3.00 |
|  ps_system/system_i/processing_system7_0/inst/FCLK_CLK0 |                                                                                                                                                                                       | ps_system/system_i/axi_smc/inst/m00_nodes/m00_ar_node/inst/s_sc_xpm_cdc_async_rst_inst/reset_pol                             |                1 |              3 |         3.00 |
|  ps_system/system_i/processing_system7_0/inst/FCLK_CLK0 |                                                                                                                                                                                       | ps_system/system_i/axi_smc/inst/m00_nodes/m00_aw_node/inst/s_sc_xpm_cdc_async_rst_inst/reset_pol                             |                1 |              3 |         3.00 |
|  ps_system/system_i/processing_system7_0/inst/FCLK_CLK0 |                                                                                                                                                                                       | ps_system/system_i/axi_smc/inst/m00_nodes/m00_b_node/inst/s_sc_xpm_cdc_async_rst_inst/reset_pol                              |                1 |              3 |         3.00 |
|  ps_system/system_i/processing_system7_0/inst/FCLK_CLK0 |                                                                                                                                                                                       | ps_system/system_i/axi_smc/inst/m01_nodes/m01_ar_node/inst/s_sc_xpm_cdc_async_rst_inst/reset_pol                             |                1 |              3 |         3.00 |
|  ps_system/system_i/processing_system7_0/inst/FCLK_CLK0 |                                                                                                                                                                                       | ps_system/system_i/axi_smc/inst/m00_nodes/m00_r_node/inst/s_sc_xpm_cdc_async_rst_inst/reset_pol                              |                1 |              3 |         3.00 |
|  ps_system/system_i/processing_system7_0/inst/FCLK_CLK0 |                                                                                                                                                                                       | ps_system/system_i/axi_smc/inst/m00_nodes/m00_w_node/inst/s_sc_xpm_cdc_async_rst_inst/reset_pol                              |                1 |              3 |         3.00 |
|  ps_system/system_i/processing_system7_0/inst/FCLK_CLK0 |                                                                                                                                                                                       | ps_system/system_i/axi_smc/inst/s00_entry_pipeline/s00_si_converter/inst/xpm_cdc_async_rst_inst/reset_pol                    |                1 |              3 |         3.00 |
|  ps_system/system_i/processing_system7_0/inst/FCLK_CLK0 |                                                                                                                                                                                       | ps_system/system_i/axi_smc/inst/s00_nodes/s00_aw_node/inst/s_sc_xpm_cdc_async_rst_inst/reset_pol                             |                1 |              3 |         3.00 |
|  ps_system/system_i/processing_system7_0/inst/FCLK_CLK0 |                                                                                                                                                                                       | ps_system/system_i/axi_smc/inst/s00_entry_pipeline/s00_transaction_regulator/inst/xpm_cdc_async_rst_inst/reset_pol           |                1 |              3 |         3.00 |
|  ps_system/system_i/processing_system7_0/inst/FCLK_CLK0 |                                                                                                                                                                                       | ps_system/system_i/axi_smc/inst/s00_nodes/s00_ar_node/inst/s_sc_xpm_cdc_async_rst_inst/reset_pol                             |                1 |              3 |         3.00 |
|  ps_system/system_i/processing_system7_0/inst/FCLK_CLK0 |                                                                                                                                                                                       | ps_system/system_i/axi_smc/inst/s00_nodes/s00_b_node/inst/s_sc_xpm_cdc_async_rst_inst/reset_pol                              |                1 |              3 |         3.00 |
|  ps_system/system_i/processing_system7_0/inst/FCLK_CLK0 |                                                                                                                                                                                       | ps_system/system_i/axi_smc/inst/s00_nodes/s00_r_node/inst/s_sc_xpm_cdc_async_rst_inst/reset_pol                              |                1 |              3 |         3.00 |
|  ps_system/system_i/processing_system7_0/inst/FCLK_CLK0 |                                                                                                                                                                                       | ps_system/system_i/axi_smc/inst/s00_nodes/s00_w_node/inst/s_sc_xpm_cdc_async_rst_inst/reset_pol                              |                1 |              3 |         3.00 |
|  ps_system/system_i/processing_system7_0/inst/FCLK_CLK0 |                                                                                                                                                                                       | ps_system/system_i/axi_smc/inst/switchboards/i_nodes/i_ar_node/inst/s_sc_xpm_cdc_async_rst_inst/reset_pol                    |                1 |              3 |         3.00 |
|  ps_system/system_i/processing_system7_0/inst/FCLK_CLK0 |                                                                                                                                                                                       | ps_system/system_i/axi_smc/inst/switchboards/i_nodes/i_b_node/inst/s_sc_xpm_cdc_async_rst_inst/reset_pol                     |                1 |              3 |         3.00 |
|  ps_system/system_i/processing_system7_0/inst/FCLK_CLK0 |                                                                                                                                                                                       | ps_system/system_i/axi_smc/inst/switchboards/i_nodes/i_aw_node/inst/s_sc_xpm_cdc_async_rst_inst/reset_pol                    |                1 |              3 |         3.00 |
|  ps_system/system_i/processing_system7_0/inst/FCLK_CLK0 |                                                                                                                                                                                       | ps_system/system_i/axi_smc/inst/switchboards/i_nodes/i_r_node/inst/s_sc_xpm_cdc_async_rst_inst/reset_pol                     |                1 |              3 |         3.00 |
|  ps_system/system_i/processing_system7_0/inst/FCLK_CLK0 |                                                                                                                                                                                       | ps_system/system_i/axi_smc/inst/switchboards/i_nodes/i_w_node/inst/s_sc_xpm_cdc_async_rst_inst/reset_pol                     |                1 |              3 |         3.00 |
|  ps_system/system_i/processing_system7_0/inst/FCLK_CLK0 |                                                                                                                                                                                       | ps_system/system_i/axi_smc/inst/m00_exit_pipeline/m00_exit/inst/xpm_cdc_async_rst_inst/reset_pol                             |                1 |              3 |         3.00 |
|  ps_system/system_i/processing_system7_0/inst/FCLK_CLK0 |                                                                                                                                                                                       | ps_system/system_i/axi_smc/inst/s00_entry_pipeline/s00_mmu/inst/xpm_cdc_async_rst_inst/reset_pol                             |                1 |              3 |         3.00 |
|  ps_system/system_i/processing_system7_0/inst/FCLK_CLK0 |                                                                                                                                                                                       | ps_system/system_i/axi_smc/inst/m01_exit_pipeline/m01_exit/inst/xpm_cdc_async_rst_inst/reset_pol                             |                1 |              3 |         3.00 |
|  ps_system/system_i/processing_system7_0/inst/FCLK_CLK0 |                                                                                                                                                                                       | ps_system/system_i/axi_smc/inst/m01_nodes/m01_aw_node/inst/s_sc_xpm_cdc_async_rst_inst/reset_pol                             |                1 |              3 |         3.00 |
|  ps_system/system_i/processing_system7_0/inst/FCLK_CLK0 |                                                                                                                                                                                       | ps_system/system_i/axi_smc/inst/m01_nodes/m01_b_node/inst/s_sc_xpm_cdc_async_rst_inst/reset_pol                              |                1 |              3 |         3.00 |
|  sysclk_IBUF_BUFG                                       | pid_inst/FSM_sequential_state[3]_i_1_n_0                                                                                                                                              | btn0_IBUF                                                                                                                    |                2 |              4 |         2.00 |
|  ps_system/system_i/processing_system7_0/inst/FCLK_CLK0 |                                                                                                                                                                                       | ps_system/system_i/axi_gpio_1/U0/AXI_LITE_IPIF_I/I_SLAVE_ATTACHMENT/clear                                                    |                1 |              4 |         4.00 |
|  ps_system/system_i/processing_system7_0/inst/FCLK_CLK0 | ps_system/system_i/axi_gpio_1/U0/AXI_LITE_IPIF_I/I_SLAVE_ATTACHMENT/bus2ip_addr_i[8]_i_1_n_0                                                                                          | ps_system/system_i/axi_gpio_1/U0/AXI_LITE_IPIF_I/I_SLAVE_ATTACHMENT/SR[0]                                                    |                1 |              4 |         4.00 |
|  ps_system/system_i/processing_system7_0/inst/FCLK_CLK0 | ps_system/system_i/axi_gpio_1/U0/AXI_LITE_IPIF_I/I_SLAVE_ATTACHMENT/start2                                                                                                            | ps_system/system_i/axi_gpio_1/U0/AXI_LITE_IPIF_I/I_SLAVE_ATTACHMENT/I_DECODER/cs_ce_clr                                      |                2 |              4 |         2.00 |
|  ps_system/system_i/processing_system7_0/inst/FCLK_CLK0 | ps_system/system_i/axi_gpio_0/U0/AXI_LITE_IPIF_I/I_SLAVE_ATTACHMENT/start2                                                                                                            | ps_system/system_i/axi_gpio_0/U0/AXI_LITE_IPIF_I/I_SLAVE_ATTACHMENT/I_DECODER/cs_ce_clr                                      |                1 |              4 |         4.00 |
|  ps_system/system_i/processing_system7_0/inst/FCLK_CLK0 | ps_system/system_i/axi_gpio_0/U0/AXI_LITE_IPIF_I/I_SLAVE_ATTACHMENT/bus2ip_addr_i[8]_i_1_n_0                                                                                          | ps_system/system_i/axi_gpio_0/U0/AXI_LITE_IPIF_I/I_SLAVE_ATTACHMENT/SR[0]                                                    |                1 |              4 |         4.00 |
|  ps_system/system_i/processing_system7_0/inst/FCLK_CLK0 |                                                                                                                                                                                       | ps_system/system_i/rst_ps7_0_100M/U0/EXT_LPF/lpf_int                                                                         |                1 |              4 |         4.00 |
|  ps_system/system_i/processing_system7_0/inst/FCLK_CLK0 |                                                                                                                                                                                       | ps_system/system_i/axi_smc/inst/clk_map/psr_aclk/U0/EXT_LPF/lpf_int                                                          |                2 |              4 |         2.00 |
|  ps_system/system_i/processing_system7_0/inst/FCLK_CLK0 | ps_system/system_i/axi_smc/inst/s00_entry_pipeline/s00_si_converter/inst/gen_axilite_conv.axilite_conv_inst/r_state                                                                   | ps_system/system_i/axi_smc/inst/s00_entry_pipeline/s00_si_converter/inst/areset                                              |                1 |              4 |         4.00 |
|  ps_system/system_i/processing_system7_0/inst/FCLK_CLK0 |                                                                                                                                                                                       | ps_system/system_i/axi_gpio_0/U0/AXI_LITE_IPIF_I/I_SLAVE_ATTACHMENT/clear                                                    |                1 |              4 |         4.00 |
|  sysclk_IBUF_BUFG                                       | clk_div_inst/E[0]                                                                                                                                                                     | btn0_IBUF                                                                                                                    |                1 |              5 |         5.00 |
|  sysclk_IBUF_BUFG                                       | clk_div_inst/dac_valid_reg[0]                                                                                                                                                         | btn0_IBUF                                                                                                                    |                1 |              5 |         5.00 |
|  sysclk_IBUF_BUFG                                       | dac_ctrl_a/bit_cnt[4]_i_1_n_0                                                                                                                                                         | btn0_IBUF                                                                                                                    |                1 |              5 |         5.00 |
|  sysclk_IBUF_BUFG                                       | dac_ctrl_b/bit_cnt[4]_i_1__0_n_0                                                                                                                                                      | btn0_IBUF                                                                                                                    |                1 |              5 |         5.00 |
|  sysclk_IBUF_BUFG                                       | adc_ctrl/state[4]_i_1_n_0                                                                                                                                                             | btn0_IBUF                                                                                                                    |                2 |              5 |         2.50 |
|  ps_system/system_i/processing_system7_0/inst/FCLK_CLK0 | ps_system/system_i/axi_smc/inst/switchboards/i_nodes/i_aw_node/inst/inst_mi_handler/gen_normal_area.inst_fifo_node_payld/gen_reg_fifo.inst_reg_fifo/gen_single_rank.data[132]_i_1_n_0 |                                                                                                                              |                2 |              5 |         2.50 |
|  ps_system/system_i/processing_system7_0/inst/FCLK_CLK0 | ps_system/system_i/axi_smc/inst/switchboards/i_nodes/i_ar_node/inst/inst_mi_handler/gen_normal_area.inst_fifo_node_payld/gen_reg_fifo.inst_reg_fifo/gen_single_rank.data[132]_i_1_n_0 |                                                                                                                              |                1 |              5 |         5.00 |
|  ps_system/system_i/processing_system7_0/inst/FCLK_CLK0 | ps_system/system_i/axi_smc/inst/clk_map/psr_aclk/U0/SEQ/seq_cnt_en                                                                                                                    | ps_system/system_i/axi_smc/inst/clk_map/psr_aclk/U0/SEQ/SEQ_COUNTER/clear                                                    |                1 |              6 |         6.00 |
|  ps_system/system_i/processing_system7_0/inst/FCLK_CLK0 | ps_system/system_i/rst_ps7_0_100M/U0/SEQ/seq_cnt_en                                                                                                                                   | ps_system/system_i/rst_ps7_0_100M/U0/SEQ/SEQ_COUNTER/clear                                                                   |                1 |              6 |         6.00 |
|  ps_system/system_i/processing_system7_0/inst/FCLK_CLK0 | ps_system/system_i/axi_smc/inst/s00_entry_pipeline/s00_mmu/inst/gen_endpoint.decerr_slave_inst/gen_axi.gen_read.read_cnt[7]_i_1_n_0                                                   | ps_system/system_i/axi_smc/inst/s00_entry_pipeline/s00_mmu/inst/areset                                                       |                2 |              8 |         4.00 |
|  ps_system/system_i/processing_system7_0/inst/FCLK_CLK0 |                                                                                                                                                                                       | ps_system/system_i/axi_smc/inst/switchboards/i_nodes/i_r_node/inst/inst_si_handler/areset_r                                  |                3 |              8 |         2.67 |
|  ps_system/system_i/processing_system7_0/inst/FCLK_CLK0 | ps_system/system_i/axi_smc/inst/s00_entry_pipeline/s00_si_converter/inst/gen_axilite_conv.axilite_conv_inst/r_beats[7]_i_1_n_0                                                        | ps_system/system_i/axi_smc/inst/s00_entry_pipeline/s00_si_converter/inst/areset                                              |                4 |              8 |         2.00 |
|  ps_system/system_i/processing_system7_0/inst/FCLK_CLK0 | ps_system/system_i/axi_smc/inst/s00_entry_pipeline/s00_si_converter/inst/gen_axilite_conv.axilite_conv_inst/ar_cnt[7]_i_1_n_0                                                         | ps_system/system_i/axi_smc/inst/s00_entry_pipeline/s00_si_converter/inst/areset                                              |                4 |              8 |         2.00 |
|  ps_system/system_i/processing_system7_0/inst/FCLK_CLK0 |                                                                                                                                                                                       | ps_system/system_i/axi_smc/inst/switchboards/i_nodes/i_b_node/inst/inst_si_handler/areset_r                                  |                3 |              8 |         2.67 |
|  ps_system/system_i/processing_system7_0/inst/FCLK_CLK0 | ps_system/system_i/axi_smc/inst/s00_entry_pipeline/s00_si_converter/inst/gen_axilite_conv.axilite_conv_inst/s_buser                                                                   | ps_system/system_i/axi_smc/inst/s00_entry_pipeline/s00_si_converter/inst/gen_axilite_conv.axilite_conv_inst/b_cnt[8]_i_1_n_0 |                2 |              9 |         4.50 |
|  ps_system/system_i/processing_system7_0/inst/FCLK_CLK0 | ps_system/system_i/axi_smc/inst/s00_entry_pipeline/s00_si_converter/inst/gen_axilite_conv.axilite_conv_inst/w_cnt[8]_i_1_n_0                                                          | ps_system/system_i/axi_smc/inst/s00_entry_pipeline/s00_si_converter/inst/areset                                              |                3 |              9 |         3.00 |
|  ps_system/system_i/processing_system7_0/inst/FCLK_CLK0 | ps_system/system_i/axi_smc/inst/s00_entry_pipeline/s00_si_converter/inst/gen_axilite_conv.axilite_conv_inst/ar_addr_d[8]_i_1_n_0                                                      | ps_system/system_i/axi_smc/inst/s00_entry_pipeline/s00_si_converter/inst/areset                                              |                5 |             10 |         2.00 |
|  ps_system/system_i/processing_system7_0/inst/FCLK_CLK0 | ps_system/system_i/axi_smc/inst/s00_entry_pipeline/s00_si_converter/inst/gen_axilite_conv.axilite_conv_inst/aw_addr[8]_i_1_n_0                                                        | ps_system/system_i/axi_smc/inst/s00_entry_pipeline/s00_si_converter/inst/areset                                              |                7 |             12 |         1.71 |
|  ps_system/system_i/processing_system7_0/inst/FCLK_CLK0 | ps_system/system_i/axi_smc/inst/s00_entry_pipeline/s00_transaction_regulator/inst/gen_endpoint.gen_w_singleorder.w_singleorder/gen_id_reg.s_rid_i0                                    |                                                                                                                              |                3 |             12 |         4.00 |
|  ps_system/system_i/processing_system7_0/inst/FCLK_CLK0 | ps_system/system_i/axi_smc/inst/s00_entry_pipeline/s00_mmu/inst/gen_endpoint.decerr_slave_inst/gen_axi.gen_read.s_axi_rid_i[11]_i_1_n_0                                               | ps_system/system_i/axi_smc/inst/s00_entry_pipeline/s00_mmu/inst/areset                                                       |                7 |             12 |         1.71 |
|  ps_system/system_i/processing_system7_0/inst/FCLK_CLK0 | ps_system/system_i/axi_smc/inst/s00_entry_pipeline/s00_transaction_regulator/inst/gen_endpoint.gen_r_singleorder.r_singleorder/gen_id_reg.s_rid_i0                                    |                                                                                                                              |                7 |             12 |         1.71 |
|  ps_system/system_i/processing_system7_0/inst/FCLK_CLK0 | ps_system/system_i/axi_smc/inst/s00_entry_pipeline/s00_mmu/inst/gen_endpoint.decerr_slave_inst/gen_axi.gen_write.s_axi_bid_i[11]_i_1_n_0                                              | ps_system/system_i/axi_smc/inst/s00_entry_pipeline/s00_mmu/inst/areset                                                       |                4 |             12 |         3.00 |
|  sysclk_IBUF_BUFG                                       | adc_ctrl/g0_b0_n_0                                                                                                                                                                    | btn0_IBUF                                                                                                                    |                4 |             15 |         3.75 |
|  sysclk_IBUF_BUFG                                       | dac_ctrl_a/shift_reg[15]_i_1__0_n_0                                                                                                                                                   | btn0_IBUF                                                                                                                    |                4 |             16 |         4.00 |
|  sysclk_IBUF_BUFG                                       | dac_ctrl_b/shift_reg[15]_i_1_n_0                                                                                                                                                      | btn0_IBUF                                                                                                                    |                6 |             16 |         2.67 |
|  ps_system/system_i/processing_system7_0/inst/FCLK_CLK0 | ps_system/system_i/axi_gpio_0/U0/AXI_LITE_IPIF_I/I_SLAVE_ATTACHMENT/I_DECODER/E[0]                                                                                                    | ps_system/system_i/axi_gpio_0/U0/AXI_LITE_IPIF_I/I_SLAVE_ATTACHMENT/SR[0]                                                    |                4 |             16 |         4.00 |
|  ps_system/system_i/processing_system7_0/inst/FCLK_CLK0 | ps_system/system_i/axi_gpio_0/U0/AXI_LITE_IPIF_I/I_SLAVE_ATTACHMENT/I_DECODER/bus2ip_rnw_i_reg[0]                                                                                     | ps_system/system_i/axi_gpio_0/U0/AXI_LITE_IPIF_I/I_SLAVE_ATTACHMENT/SR[0]                                                    |                5 |             16 |         3.20 |
|  ps_system/system_i/processing_system7_0/inst/FCLK_CLK0 | ps_system/system_i/axi_gpio_0/U0/AXI_LITE_IPIF_I/I_SLAVE_ATTACHMENT/s_axi_rresp_i                                                                                                     | ps_system/system_i/axi_gpio_0/U0/AXI_LITE_IPIF_I/I_SLAVE_ATTACHMENT/SR[0]                                                    |                4 |             17 |         4.25 |
|  sysclk_IBUF_BUFG                                       | adc_ctrl/wait_timer[17]_i_1_n_0                                                                                                                                                       | btn0_IBUF                                                                                                                    |                5 |             18 |         3.60 |
|  ps_system/system_i/processing_system7_0/inst/FCLK_CLK0 |                                                                                                                                                                                       | ps_system/system_i/axi_smc/inst/s00_entry_pipeline/s00_si_converter/inst/areset                                              |               12 |             20 |         1.67 |
|  ps_system/system_i/processing_system7_0/inst/FCLK_CLK0 |                                                                                                                                                                                       | ps_system/system_i/axi_smc/inst/s00_entry_pipeline/s00_mmu/inst/areset                                                       |               13 |             23 |         1.77 |
|  sysclk_IBUF_BUFG                                       | clk_div_inst/FSM_sequential_state_reg[1]                                                                                                                                              | btn0_IBUF                                                                                                                    |                7 |             24 |         3.43 |
|  sysclk_IBUF_BUFG                                       | adc_ctrl/adc_ch2_data[23]_i_1_n_0                                                                                                                                                     | btn0_IBUF                                                                                                                    |                9 |             24 |         2.67 |
|  sysclk_IBUF_BUFG                                       | adc_ctrl/adc_ch3_data[23]_i_1_n_0                                                                                                                                                     | btn0_IBUF                                                                                                                    |                7 |             24 |         3.43 |
|  sysclk_IBUF_BUFG                                       | pid_inst/p_1_out_i_1_n_0                                                                                                                                                              |                                                                                                                              |                8 |             24 |         3.00 |
|  sysclk_IBUF_BUFG                                       | spi_master_inst/data_out[23]_i_1_n_0                                                                                                                                                  | btn0_IBUF                                                                                                                    |                7 |             24 |         3.43 |
|  sysclk_IBUF_BUFG                                       | adc_ctrl/adc_ch1_data[23]_i_1_n_0                                                                                                                                                     | btn0_IBUF                                                                                                                    |               10 |             28 |         2.80 |
|  ps_system/system_i/processing_system7_0/inst/FCLK_CLK0 | ps_system/system_i/axi_gpio_1/U0/AXI_LITE_IPIF_I/I_SLAVE_ATTACHMENT/I_DECODER/E[0]                                                                                                    | ps_system/system_i/axi_gpio_1/U0/AXI_LITE_IPIF_I/I_SLAVE_ATTACHMENT/SR[0]                                                    |                8 |             32 |         4.00 |
|  ps_system/system_i/processing_system7_0/inst/FCLK_CLK0 | ps_system/system_i/axi_gpio_1/U0/AXI_LITE_IPIF_I/I_SLAVE_ATTACHMENT/I_DECODER/bus2ip_rnw_i_reg[0]                                                                                     | ps_system/system_i/axi_gpio_1/U0/AXI_LITE_IPIF_I/I_SLAVE_ATTACHMENT/SR[0]                                                    |                8 |             32 |         4.00 |
|  ps_system/system_i/processing_system7_0/inst/FCLK_CLK0 | ps_system/system_i/axi_gpio_1/U0/AXI_LITE_IPIF_I/I_SLAVE_ATTACHMENT/s_axi_rresp_i                                                                                                     | ps_system/system_i/axi_gpio_1/U0/AXI_LITE_IPIF_I/I_SLAVE_ATTACHMENT/SR[0]                                                    |                8 |             32 |         4.00 |
|  ps_system/system_i/processing_system7_0/inst/FCLK_CLK0 |                                                                                                                                                                                       | ps_system/system_i/axi_gpio_0/U0/AXI_LITE_IPIF_I/I_SLAVE_ATTACHMENT/I_DECODER/bus2ip_rnw_i_reg_0                             |                7 |             32 |         4.57 |
|  ps_system/system_i/processing_system7_0/inst/FCLK_CLK0 |                                                                                                                                                                                       | ps_system/system_i/axi_gpio_0/U0/AXI_LITE_IPIF_I/I_SLAVE_ATTACHMENT/SR[0]                                                    |               11 |             32 |         2.91 |
|  ps_system/system_i/processing_system7_0/inst/FCLK_CLK0 | ps_system/system_i/axi_smc/inst/s00_entry_pipeline/s00_si_converter/inst/gen_axilite_conv.axilite_conv_inst/m_aruser                                                                  | ps_system/system_i/axi_smc/inst/s00_entry_pipeline/s00_si_converter/inst/areset                                              |               11 |             32 |         2.91 |
|  ps_system/system_i/processing_system7_0/inst/FCLK_CLK0 | ps_system/system_i/axi_smc/inst/s00_entry_pipeline/s00_si_converter/inst/gen_axilite_conv.axilite_conv_inst/s_axi_rdata_i[31]_i_1_n_0                                                 | ps_system/system_i/axi_smc/inst/s00_entry_pipeline/s00_si_converter/inst/areset                                              |                6 |             32 |         5.33 |
|  sysclk_IBUF_BUFG                                       | pid_inst/dac_1_data[15]_i_1_n_0                                                                                                                                                       | btn0_IBUF                                                                                                                    |                7 |             32 |         4.57 |
|  ps_system/system_i/processing_system7_0/inst/FCLK_CLK0 | ps_system/system_i/axi_smc/inst/switchboards/i_nodes/i_r_node/inst/inst_si_handler/gen_si_handler.gen_arbiter_rr_minimal_area.inst_arbiter/s_sc_valid                                 |                                                                                                                              |                7 |             32 |         4.57 |
|  ps_system/system_i/processing_system7_0/inst/FCLK_CLK0 | ps_system/system_i/axi_smc/inst/s00_entry_pipeline/s00_mmu/inst/aw_reg_stall/skid_buffer[1136]_i_1__0_n_0                                                                             |                                                                                                                              |               11 |             34 |         3.09 |
|  ps_system/system_i/processing_system7_0/inst/FCLK_CLK0 | ps_system/system_i/axi_smc/inst/s00_entry_pipeline/s00_mmu/inst/ar_reg_stall/m_vector_i                                                                                               |                                                                                                                              |                8 |             34 |         4.25 |
|  ps_system/system_i/processing_system7_0/inst/FCLK_CLK0 | ps_system/system_i/axi_smc/inst/s00_entry_pipeline/s00_mmu/inst/aw_reg_stall/m_vector_i                                                                                               |                                                                                                                              |                7 |             34 |         4.86 |
|  ps_system/system_i/processing_system7_0/inst/FCLK_CLK0 | ps_system/system_i/axi_smc/inst/s00_entry_pipeline/s00_mmu/inst/ar_reg_stall/skid_buffer[1136]_i_1_n_0                                                                                |                                                                                                                              |               10 |             34 |         3.40 |
|  ps_system/system_i/processing_system7_0/inst/FCLK_CLK0 | ps_system/system_i/axi_smc/inst/switchboards/i_nodes/i_w_node/inst/inst_mi_handler/gen_normal_area.inst_fifo_node_payld/gen_reg_fifo.inst_reg_fifo/gen_single_rank.data[54]_i_1_n_0   |                                                                                                                              |                8 |             34 |         4.25 |
|  ps_system/system_i/processing_system7_0/inst/FCLK_CLK0 |                                                                                                                                                                                       | ps_system/system_i/axi_gpio_1/U0/AXI_LITE_IPIF_I/I_SLAVE_ATTACHMENT/SR[0]                                                    |               17 |             47 |         2.76 |
|  ps_system/system_i/processing_system7_0/inst/FCLK_CLK0 |                                                                                                                                                                                       | ps_system/system_i/axi_gpio_1/U0/AXI_LITE_IPIF_I/I_SLAVE_ATTACHMENT/I_DECODER/bus2ip_rnw_i_reg_0                             |               20 |             64 |         3.20 |
|  sysclk_IBUF_BUFG                                       | pid_inst/dac_x_calc[47]_i_1_n_0                                                                                                                                                       |                                                                                                                              |               18 |             66 |         3.67 |
|  sysclk_IBUF_BUFG                                       |                                                                                                                                                                                       | btn0_IBUF                                                                                                                    |               27 |             78 |         2.89 |
|  sysclk_IBUF_BUFG                                       | pid_inst/ux_q16[44]_i_1_n_0                                                                                                                                                           |                                                                                                                              |               24 |             90 |         3.75 |
|  sysclk_IBUF_BUFG                                       | pid_inst/int_x[47]_i_1_n_0                                                                                                                                                            | btn0_IBUF                                                                                                                    |               18 |             96 |         5.33 |
|  ps_system/system_i/processing_system7_0/inst/FCLK_CLK0 |                                                                                                                                                                                       |                                                                                                                              |              135 |            499 |         3.70 |
+---------------------------------------------------------+---------------------------------------------------------------------------------------------------------------------------------------------------------------------------------------+------------------------------------------------------------------------------------------------------------------------------+------------------+----------------+--------------+


